<?xml version="1.0" encoding="UTF-8"?>
<!-- Generated by org.testng.reporters.JUnitReportReporter -->
<testsuite hostname="barracuda" name="org.grep4j.console.persistence.profiles.ProfileEditorTest" tests="3" failures="0" timestamp="28 May 2012 22:32:47 GMT" time="53.885" errors="0">
  <testcase name="updateProfileTest" time="0.671" classname="org.grep4j.console.persistence.profiles.ProfileEditorTest"/>
  <testcase name="removeProfileTest" time="20.685" classname="org.grep4j.console.persistence.profiles.ProfileEditorTest"/>
  <testcase name="addProfileTest" time="32.529" classname="org.grep4j.console.persistence.profiles.ProfileEditorTest"/>
</testsuite> <!-- org.grep4j.console.persistence.profiles.ProfileEditorTest -->
