<?xml version="1.0" encoding="UTF-8"?>
<!-- Generated by org.testng.reporters.JUnitReportReporter -->
<testsuite hostname="devboxmc" name="org.grep4j.console.aggregators.AggregateMultitokensExpressionTest" tests="2" failures="0" timestamp="29 May 2012 15:15:46 GMT" time="0.014" errors="0">
  <testcase name="testSingleToken" time="0.000" classname="org.grep4j.console.aggregators.AggregateMultitokensExpressionTest"/>
  <testcase name="testMultiToken" time="0.014" classname="org.grep4j.console.aggregators.AggregateMultitokensExpressionTest"/>
</testsuite>
